<?xml version="1.0" encoding="UTF-8"?>
<!-- Generated by org.testng.reporters.JUnitXMLReporter -->
<testsuite ignored="0" hostname="eashan-PC" failures="0" tests="4" name="Test" time="0.121" errors="0" timestamp="2021-09-13T17:51:11 IST">
  <testcase classname="com.mavenDemo.order.orderTest" name="m1" time="0.02"/>
  <testcase classname="com.mavenDemo.order.orderTest" name="m2" time="0.002"/>
  <testcase classname="com.mavenDemo.login.loginTest" name="m1" time="0.002"/>
  <testcase classname="com.mavenDemo.login.loginTest" name="m2" time="0.002"/>
</testsuite> <!-- Test -->
