<?xml version="1.0" encoding="UTF-8"?>
<testng-results ignored="0" total="4" passed="4" failed="0" skipped="0">
  <reporter-output>
  </reporter-output>
  <suite started-at="2021-09-13T17:51:11 IST" name="Suite" finished-at="2021-09-13T17:51:11 IST" duration-ms="121">
    <groups>
    </groups>
    <test started-at="2021-09-13T17:51:11 IST" name="Test" finished-at="2021-09-13T17:51:11 IST" duration-ms="121">
      <class name="com.mavenDemo.order.orderTest">
        <test-method signature="m1()[pri:0, instance:com.mavenDemo.order.orderTest@4470f8a6]" started-at="2021-09-13T17:51:11 IST" name="m1" finished-at="2021-09-13T17:51:11 IST" duration-ms="20" status="PASS">
          <reporter-output>
          </reporter-output>
        </test-method> <!-- m1 -->
        <test-method signature="m2()[pri:0, instance:com.mavenDemo.order.orderTest@4470f8a6]" started-at="2021-09-13T17:51:11 IST" name="m2" finished-at="2021-09-13T17:51:11 IST" duration-ms="2" status="PASS">
          <reporter-output>
          </reporter-output>
        </test-method> <!-- m2 -->
      </class> <!-- com.mavenDemo.order.orderTest -->
      <class name="com.mavenDemo.login.loginTest">
        <test-method signature="m1()[pri:0, instance:com.mavenDemo.login.loginTest@7c83dc97]" started-at="2021-09-13T17:51:11 IST" name="m1" finished-at="2021-09-13T17:51:11 IST" duration-ms="2" status="PASS">
          <reporter-output>
          </reporter-output>
        </test-method> <!-- m1 -->
        <test-method signature="m2()[pri:0, instance:com.mavenDemo.login.loginTest@7c83dc97]" started-at="2021-09-13T17:51:11 IST" name="m2" finished-at="2021-09-13T17:51:11 IST" duration-ms="2" status="PASS">
          <reporter-output>
          </reporter-output>
        </test-method> <!-- m2 -->
      </class> <!-- com.mavenDemo.login.loginTest -->
    </test> <!-- Test -->
  </suite> <!-- Suite -->
</testng-results>
